2026-04-04 12:39:01,958 [INFO] Timestamp: 2026-04-04T12:39:01.958069
2026-04-04 12:39:02,116 [INFO] GPU: NVIDIA A100-PCIE-40GB, Memory: 42.3 GB
2026-04-04 12:39:02,116 [INFO] *** DRY RUN MODE ***
2026-04-04 12:39:02,116 [INFO] Loading datasets (n=5 samples each)...
2026-04-04 12:39:02,116 [INFO] Loading TruthfulQA...
2026-04-04 12:39:08,071 [INFO] Loading TriviaQA...
2026-04-04 12:39:16,090 [INFO] Loading GSM8K...
2026-04-04 12:39:23,209 [INFO] Loading HellaSwag...
2026-04-04 12:39:25,664 [INFO] All datasets loaded.
2026-04-04 12:39:25,664 [INFO] 
============================================================
2026-04-04 12:39:25,664 [INFO] PHASE 0: TruthfulQA shuffle verification (alpha=0.5)
2026-04-04 12:39:25,664 [INFO] ============================================================
2026-04-04 12:39:25,664 [INFO] Loading expert model...
`torch_dtype` is deprecated! Use `dtype` instead!
Loading checkpoint shards:   0%|          | 0/8 [00:00<?, ?it/s]Loading checkpoint shards:  12%|█▎        | 1/8 [00:01<00:12,  1.80s/it]Loading checkpoint shards:  25%|██▌       | 2/8 [00:04<00:12,  2.15s/it]Loading checkpoint shards:  38%|███▊      | 3/8 [00:06<00:10,  2.20s/it]Loading checkpoint shards:  50%|█████     | 4/8 [00:08<00:08,  2.21s/it]Loading checkpoint shards:  62%|██████▎   | 5/8 [00:10<00:06,  2.07s/it]Loading checkpoint shards:  75%|███████▌  | 6/8 [00:12<00:04,  2.06s/it]Loading checkpoint shards:  88%|████████▊ | 7/8 [00:14<00:01,  1.91s/it]Loading checkpoint shards: 100%|██████████| 8/8 [00:15<00:00,  1.58s/it]Loading checkpoint shards: 100%|██████████| 8/8 [00:15<00:00,  1.88s/it]
2026-04-04 12:39:44,306 [INFO] Expert loaded. GPU mem: 18.5 GB
2026-04-04 12:39:44,307 [INFO] Loading amateur model...
Loading checkpoint shards:   0%|          | 0/3 [00:00<?, ?it/s]Loading checkpoint shards:  33%|███▎      | 1/3 [00:02<00:04,  2.06s/it]Loading checkpoint shards:  67%|██████▋   | 2/3 [00:04<00:02,  2.25s/it]Loading checkpoint shards: 100%|██████████| 3/3 [00:04<00:00,  1.30s/it]Loading checkpoint shards: 100%|██████████| 3/3 [00:04<00:00,  1.53s/it]
2026-04-04 12:39:48,976 [INFO] Both models loaded. GPU mem: 23.7 GB
2026-04-04 12:39:52,383 [INFO] Saved: /root/cd-circuit-mechanism/results/exp00v2fix_truthfulqa_shuffle_verify.json
2026-04-04 12:39:52,384 [INFO] SHUFFLE VERIFY: accuracy=0.400, cd_score_mean=-8.7335, n_inf_scores=0/5
2026-04-04 12:39:52,384 [INFO] 
============================================================
2026-04-04 12:39:52,384 [INFO] FULL EVAL: alpha=0.0
2026-04-04 12:39:52,384 [INFO] ============================================================
2026-04-04 12:39:52,384 [INFO] [alpha=0.0] TruthfulQA (shuffled)...
2026-04-04 12:39:54,068 [INFO] Saved: /root/cd-circuit-mechanism/results/exp00v2fix_truthfulqa_alpha0.0.json
2026-04-04 12:39:54,068 [INFO]   -> accuracy=0.200, cd_score_mean=-5.2925
2026-04-04 12:39:54,068 [INFO] [alpha=0.0] HellaSwag...
2026-04-04 12:39:55,505 [INFO] Saved: /root/cd-circuit-mechanism/results/exp00v2fix_hellaswag_alpha0.0.json
2026-04-04 12:39:55,505 [INFO]   -> accuracy=0.200, cd_score_mean=-6.3878
2026-04-04 12:39:55,505 [INFO] [alpha=0.0] TriviaQA (5-shot)...
2026-04-04 12:40:14,369 [INFO] Saved: /root/cd-circuit-mechanism/results/exp00v2fix_triviaqa_alpha0.0.json
2026-04-04 12:40:14,370 [INFO]   -> accuracy=0.000, cd_score_mean=-0.0442
2026-04-04 12:40:14,370 [INFO] [alpha=0.0] GSM8K (5-shot CoT)...
2026-04-04 12:42:44,928 [INFO] Saved: /root/cd-circuit-mechanism/results/exp00v2fix_gsm8k_alpha0.0.json
2026-04-04 12:42:44,928 [INFO]   -> accuracy=0.000, cd_score_mean=-0.0268
2026-04-04 12:42:44,928 [INFO] 
============================================================
2026-04-04 12:42:44,928 [INFO] FULL EVAL: alpha=0.5
2026-04-04 12:42:44,928 [INFO] ============================================================
2026-04-04 12:42:44,928 [INFO] [alpha=0.5] TruthfulQA (shuffled)...
2026-04-04 12:42:47,714 [INFO] Saved: /root/cd-circuit-mechanism/results/exp00v2fix_truthfulqa_alpha0.5.json
2026-04-04 12:42:47,714 [INFO]   -> accuracy=0.400, cd_score_mean=-8.7335
2026-04-04 12:42:47,714 [INFO] [alpha=0.5] HellaSwag...
2026-04-04 12:42:50,055 [INFO] Saved: /root/cd-circuit-mechanism/results/exp00v2fix_hellaswag_alpha0.5.json
2026-04-04 12:42:50,055 [INFO]   -> accuracy=0.400, cd_score_mean=-9.6890
2026-04-04 12:42:50,055 [INFO] [alpha=0.5] TriviaQA (5-shot)...
2026-04-04 12:43:19,922 [INFO] Saved: /root/cd-circuit-mechanism/results/exp00v2fix_triviaqa_alpha0.5.json
2026-04-04 12:43:19,922 [INFO]   -> accuracy=0.000, cd_score_mean=-4.2528
2026-04-04 12:43:19,922 [INFO] [alpha=0.5] GSM8K (5-shot CoT)...
