2026-04-04 12:44:33,243 [INFO] Timestamp: 2026-04-04T12:44:33.243031
2026-04-04 12:44:33,405 [INFO] GPU: NVIDIA A100-PCIE-40GB, Memory: 42.3 GB
2026-04-04 12:44:33,405 [INFO] Loading datasets (n=200 samples each)...
2026-04-04 12:44:33,405 [INFO] Loading TruthfulQA...
2026-04-04 12:44:39,667 [INFO] Loading TriviaQA...
2026-04-04 12:44:47,926 [INFO] Loading GSM8K...
2026-04-04 12:44:55,328 [INFO] Loading HellaSwag...
2026-04-04 12:44:58,113 [INFO] All datasets loaded.
2026-04-04 12:44:58,113 [INFO] 
============================================================
2026-04-04 12:44:58,113 [INFO] PHASE 0: TruthfulQA shuffle verification (alpha=0.5)
2026-04-04 12:44:58,113 [INFO] ============================================================
2026-04-04 12:44:58,113 [INFO] Loading expert model...
`torch_dtype` is deprecated! Use `dtype` instead!
Loading checkpoint shards:   0%|          | 0/8 [00:00<?, ?it/s]Loading checkpoint shards:  12%|█▎        | 1/8 [00:01<00:12,  1.82s/it]Loading checkpoint shards:  25%|██▌       | 2/8 [00:08<00:27,  4.53s/it]Loading checkpoint shards:  38%|███▊      | 3/8 [00:10<00:17,  3.46s/it]Loading checkpoint shards:  50%|█████     | 4/8 [00:12<00:11,  2.75s/it]Loading checkpoint shards:  62%|██████▎   | 5/8 [00:13<00:06,  2.32s/it]Loading checkpoint shards:  75%|███████▌  | 6/8 [00:15<00:04,  2.08s/it]Loading checkpoint shards:  88%|████████▊ | 7/8 [00:16<00:01,  1.91s/it]Loading checkpoint shards: 100%|██████████| 8/8 [00:17<00:00,  1.52s/it]Loading checkpoint shards: 100%|██████████| 8/8 [00:17<00:00,  2.19s/it]
2026-04-04 12:45:19,210 [INFO] Expert loaded. GPU mem: 18.5 GB
2026-04-04 12:45:19,211 [INFO] Loading amateur model...
Loading checkpoint shards:   0%|          | 0/3 [00:00<?, ?it/s]Loading checkpoint shards:  33%|███▎      | 1/3 [00:01<00:03,  1.96s/it]Loading checkpoint shards:  67%|██████▋   | 2/3 [00:04<00:02,  2.09s/it]Loading checkpoint shards: 100%|██████████| 3/3 [00:04<00:00,  1.21s/it]Loading checkpoint shards: 100%|██████████| 3/3 [00:04<00:00,  1.44s/it]
2026-04-04 12:45:23,593 [INFO] Both models loaded. GPU mem: 23.7 GB
2026-04-04 12:45:31,305 [INFO]   TruthfulQA [10/200] acc=0.200
2026-04-04 12:45:37,724 [INFO]   TruthfulQA [20/200] acc=0.250
2026-04-04 12:45:44,557 [INFO]   TruthfulQA [30/200] acc=0.333
2026-04-04 12:45:50,269 [INFO]   TruthfulQA [40/200] acc=0.350
2026-04-04 12:45:56,781 [INFO]   TruthfulQA [50/200] acc=0.320
2026-04-04 12:46:02,910 [INFO]   TruthfulQA [60/200] acc=0.333
2026-04-04 12:46:08,015 [INFO]   TruthfulQA [70/200] acc=0.371
2026-04-04 12:46:14,666 [INFO]   TruthfulQA [80/200] acc=0.338
2026-04-04 12:46:21,016 [INFO]   TruthfulQA [90/200] acc=0.367
2026-04-04 12:46:26,733 [INFO]   TruthfulQA [100/200] acc=0.360
2026-04-04 12:46:31,973 [INFO]   TruthfulQA [110/200] acc=0.373
2026-04-04 12:46:38,315 [INFO]   TruthfulQA [120/200] acc=0.358
2026-04-04 12:46:44,002 [INFO]   TruthfulQA [130/200] acc=0.346
2026-04-04 12:46:49,952 [INFO]   TruthfulQA [140/200] acc=0.350
2026-04-04 12:46:55,483 [INFO]   TruthfulQA [150/200] acc=0.333
2026-04-04 12:46:59,870 [INFO]   TruthfulQA [160/200] acc=0.319
2026-04-04 12:47:08,274 [INFO]   TruthfulQA [170/200] acc=0.306
2026-04-04 12:47:15,185 [INFO]   TruthfulQA [180/200] acc=0.317
2026-04-04 12:47:21,302 [INFO]   TruthfulQA [190/200] acc=0.316
2026-04-04 12:47:27,511 [INFO]   TruthfulQA [200/200] acc=0.330
2026-04-04 12:47:27,516 [INFO] Saved: /root/cd-circuit-mechanism/results/exp00v2fix_truthfulqa_shuffle_verify.json
2026-04-04 12:47:27,517 [INFO] SHUFFLE VERIFY: accuracy=0.330, cd_score_mean=-9.5047, n_inf_scores=0/200
2026-04-04 12:47:27,517 [INFO] 
============================================================
2026-04-04 12:47:27,517 [INFO] FULL EVAL: alpha=0.0
2026-04-04 12:47:27,517 [INFO] ============================================================
2026-04-04 12:47:27,517 [INFO] [alpha=0.0] TruthfulQA (shuffled)...
2026-04-04 12:47:31,874 [INFO]   TruthfulQA [10/200] acc=0.200
2026-04-04 12:47:35,678 [INFO]   TruthfulQA [20/200] acc=0.200
2026-04-04 12:47:39,836 [INFO]   TruthfulQA [30/200] acc=0.267
2026-04-04 12:47:43,440 [INFO]   TruthfulQA [40/200] acc=0.300
2026-04-04 12:47:47,517 [INFO]   TruthfulQA [50/200] acc=0.260
2026-04-04 12:47:51,035 [INFO]   TruthfulQA [60/200] acc=0.267
2026-04-04 12:47:53,871 [INFO]   TruthfulQA [70/200] acc=0.286
2026-04-04 12:47:57,807 [INFO]   TruthfulQA [80/200] acc=0.287
2026-04-04 12:48:01,746 [INFO]   TruthfulQA [90/200] acc=0.278
2026-04-04 12:48:05,212 [INFO]   TruthfulQA [100/200] acc=0.260
2026-04-04 12:48:08,485 [INFO]   TruthfulQA [110/200] acc=0.245
2026-04-04 12:48:12,257 [INFO]   TruthfulQA [120/200] acc=0.242
2026-04-04 12:48:15,842 [INFO]   TruthfulQA [130/200] acc=0.238
2026-04-04 12:48:19,473 [INFO]   TruthfulQA [140/200] acc=0.243
2026-04-04 12:48:22,813 [INFO]   TruthfulQA [150/200] acc=0.253
2026-04-04 12:48:25,504 [INFO]   TruthfulQA [160/200] acc=0.250
2026-04-04 12:48:29,856 [INFO]   TruthfulQA [170/200] acc=0.253
2026-04-04 12:48:33,877 [INFO]   TruthfulQA [180/200] acc=0.261
2026-04-04 12:48:37,533 [INFO]   TruthfulQA [190/200] acc=0.258
2026-04-04 12:48:41,285 [INFO]   TruthfulQA [200/200] acc=0.260
2026-04-04 12:48:41,289 [INFO] Saved: /root/cd-circuit-mechanism/results/exp00v2fix_truthfulqa_alpha0.0.json
2026-04-04 12:48:41,289 [INFO]   -> accuracy=0.260, cd_score_mean=-5.9601
2026-04-04 12:48:41,289 [INFO] [alpha=0.0] HellaSwag...
2026-04-04 12:48:44,121 [INFO]   HellaSwag [10/200] acc=0.200
2026-04-04 12:48:47,001 [INFO]   HellaSwag [20/200] acc=0.150
2026-04-04 12:48:49,873 [INFO]   HellaSwag [30/200] acc=0.167
2026-04-04 12:48:52,704 [INFO]   HellaSwag [40/200] acc=0.250
2026-04-04 12:48:55,529 [INFO]   HellaSwag [50/200] acc=0.320
2026-04-04 12:48:58,333 [INFO]   HellaSwag [60/200] acc=0.317
2026-04-04 12:49:01,153 [INFO]   HellaSwag [70/200] acc=0.314
2026-04-04 12:49:04,043 [INFO]   HellaSwag [80/200] acc=0.325
2026-04-04 12:49:07,065 [INFO]   HellaSwag [90/200] acc=0.333
2026-04-04 12:49:09,927 [INFO]   HellaSwag [100/200] acc=0.350
2026-04-04 12:49:12,831 [INFO]   HellaSwag [110/200] acc=0.336
2026-04-04 12:49:15,720 [INFO]   HellaSwag [120/200] acc=0.325
2026-04-04 12:49:18,608 [INFO]   HellaSwag [130/200] acc=0.315
2026-04-04 12:49:21,637 [INFO]   HellaSwag [140/200] acc=0.321
2026-04-04 12:49:24,566 [INFO]   HellaSwag [150/200] acc=0.320
2026-04-04 12:49:27,464 [INFO]   HellaSwag [160/200] acc=0.325
2026-04-04 12:49:30,393 [INFO]   HellaSwag [170/200] acc=0.335
2026-04-04 12:49:33,217 [INFO]   HellaSwag [180/200] acc=0.339
2026-04-04 12:49:36,106 [INFO]   HellaSwag [190/200] acc=0.347
2026-04-04 12:49:38,945 [INFO]   HellaSwag [200/200] acc=0.340
2026-04-04 12:49:38,949 [INFO] Saved: /root/cd-circuit-mechanism/results/exp00v2fix_hellaswag_alpha0.0.json
2026-04-04 12:49:38,949 [INFO]   -> accuracy=0.340, cd_score_mean=-7.0835
2026-04-04 12:49:38,949 [INFO] [alpha=0.0] TriviaQA (5-shot)...
2026-04-04 12:50:16,858 [INFO]   TriviaQA [10/200] acc=0.000
2026-04-04 12:50:53,872 [INFO]   TriviaQA [20/200] acc=0.000
2026-04-04 12:51:31,373 [INFO]   TriviaQA [30/200] acc=0.000
2026-04-04 12:52:09,234 [INFO]   TriviaQA [40/200] acc=0.000
2026-04-04 12:52:46,715 [INFO]   TriviaQA [50/200] acc=0.000
2026-04-04 12:53:24,280 [INFO]   TriviaQA [60/200] acc=0.000
2026-04-04 12:54:02,557 [INFO]   TriviaQA [70/200] acc=0.000
2026-04-04 12:54:40,354 [INFO]   TriviaQA [80/200] acc=0.000
2026-04-04 12:55:17,618 [INFO]   TriviaQA [90/200] acc=0.000
2026-04-04 12:55:54,693 [INFO]   TriviaQA [100/200] acc=0.000
2026-04-04 12:56:32,200 [INFO]   TriviaQA [110/200] acc=0.000
2026-04-04 12:57:09,980 [INFO]   TriviaQA [120/200] acc=0.000
2026-04-04 12:57:47,522 [INFO]   TriviaQA [130/200] acc=0.000
2026-04-04 12:58:25,538 [INFO]   TriviaQA [140/200] acc=0.000
2026-04-04 12:59:03,204 [INFO]   TriviaQA [150/200] acc=0.000
2026-04-04 12:59:41,138 [INFO]   TriviaQA [160/200] acc=0.000
2026-04-04 13:00:19,199 [INFO]   TriviaQA [170/200] acc=0.000
2026-04-04 13:00:57,537 [INFO]   TriviaQA [180/200] acc=0.000
2026-04-04 13:01:35,346 [INFO]   TriviaQA [190/200] acc=0.000
2026-04-04 13:02:12,836 [INFO]   TriviaQA [200/200] acc=0.000
2026-04-04 13:02:12,841 [INFO] Saved: /root/cd-circuit-mechanism/results/exp00v2fix_triviaqa_alpha0.0.json
2026-04-04 13:02:12,841 [INFO]   -> accuracy=0.000, cd_score_mean=-0.0473
2026-04-04 13:02:12,841 [INFO] [alpha=0.0] GSM8K (5-shot CoT)...
2026-04-04 13:06:17,016 [INFO]   GSM8K [10/200] acc=0.000
2026-04-04 13:10:20,285 [INFO]   GSM8K [20/200] acc=0.050
2026-04-04 13:14:22,289 [INFO]   GSM8K [30/200] acc=0.033
2026-04-04 13:18:22,617 [INFO]   GSM8K [40/200] acc=0.025
2026-04-04 13:22:28,206 [INFO]   GSM8K [50/200] acc=0.020
2026-04-04 13:26:33,746 [INFO]   GSM8K [60/200] acc=0.017
2026-04-04 13:30:39,326 [INFO]   GSM8K [70/200] acc=0.014
2026-04-04 13:34:42,380 [INFO]   GSM8K [80/200] acc=0.013
2026-04-04 13:38:45,227 [INFO]   GSM8K [90/200] acc=0.011
2026-04-04 13:42:51,133 [INFO]   GSM8K [100/200] acc=0.010
2026-04-04 13:46:58,100 [INFO]   GSM8K [110/200] acc=0.018
2026-04-04 13:51:02,796 [INFO]   GSM8K [120/200] acc=0.017
2026-04-04 13:55:05,592 [INFO]   GSM8K [130/200] acc=0.015
2026-04-04 13:59:07,576 [INFO]   GSM8K [140/200] acc=0.014
2026-04-04 14:03:12,345 [INFO]   GSM8K [150/200] acc=0.013
2026-04-04 14:07:19,342 [INFO]   GSM8K [160/200] acc=0.013
2026-04-04 14:11:22,242 [INFO]   GSM8K [170/200] acc=0.012
2026-04-04 14:15:26,145 [INFO]   GSM8K [180/200] acc=0.011
2026-04-04 14:19:31,590 [INFO]   GSM8K [190/200] acc=0.011
2026-04-04 14:23:33,978 [INFO]   GSM8K [200/200] acc=0.010
2026-04-04 14:23:33,995 [INFO] Saved: /root/cd-circuit-mechanism/results/exp00v2fix_gsm8k_alpha0.0.json
2026-04-04 14:23:33,995 [INFO]   -> accuracy=0.010, cd_score_mean=-0.0519
2026-04-04 14:23:33,995 [INFO] 
============================================================
2026-04-04 14:23:33,995 [INFO] FULL EVAL: alpha=0.5
2026-04-04 14:23:33,995 [INFO] ============================================================
2026-04-04 14:23:33,995 [INFO] [alpha=0.5] TruthfulQA (shuffled)...
2026-04-04 14:23:41,157 [INFO]   TruthfulQA [10/200] acc=0.200
2026-04-04 14:23:47,357 [INFO]   TruthfulQA [20/200] acc=0.250
2026-04-04 14:23:54,249 [INFO]   TruthfulQA [30/200] acc=0.333
2026-04-04 14:24:00,166 [INFO]   TruthfulQA [40/200] acc=0.350
2026-04-04 14:24:07,038 [INFO]   TruthfulQA [50/200] acc=0.320
2026-04-04 14:24:12,818 [INFO]   TruthfulQA [60/200] acc=0.333
2026-04-04 14:24:17,537 [INFO]   TruthfulQA [70/200] acc=0.371
2026-04-04 14:24:24,148 [INFO]   TruthfulQA [80/200] acc=0.338
2026-04-04 14:24:30,548 [INFO]   TruthfulQA [90/200] acc=0.367
2026-04-04 14:24:36,286 [INFO]   TruthfulQA [100/200] acc=0.360
2026-04-04 14:24:41,582 [INFO]   TruthfulQA [110/200] acc=0.373
2026-04-04 14:24:47,821 [INFO]   TruthfulQA [120/200] acc=0.358
2026-04-04 14:24:53,619 [INFO]   TruthfulQA [130/200] acc=0.346
2026-04-04 14:24:59,645 [INFO]   TruthfulQA [140/200] acc=0.350
2026-04-04 14:25:05,329 [INFO]   TruthfulQA [150/200] acc=0.333
2026-04-04 14:25:09,868 [INFO]   TruthfulQA [160/200] acc=0.319
2026-04-04 14:25:17,101 [INFO]   TruthfulQA [170/200] acc=0.306
2026-04-04 14:25:23,711 [INFO]   TruthfulQA [180/200] acc=0.317
2026-04-04 14:25:29,802 [INFO]   TruthfulQA [190/200] acc=0.316
2026-04-04 14:25:36,089 [INFO]   TruthfulQA [200/200] acc=0.330
2026-04-04 14:25:36,096 [INFO] Saved: /root/cd-circuit-mechanism/results/exp00v2fix_truthfulqa_alpha0.5.json
2026-04-04 14:25:36,096 [INFO]   -> accuracy=0.330, cd_score_mean=-9.5047
2026-04-04 14:25:36,096 [INFO] [alpha=0.5] HellaSwag...
2026-04-04 14:25:40,966 [INFO]   HellaSwag [10/200] acc=0.300
2026-04-04 14:25:45,792 [INFO]   HellaSwag [20/200] acc=0.200
2026-04-04 14:25:50,546 [INFO]   HellaSwag [30/200] acc=0.200
2026-04-04 14:25:55,422 [INFO]   HellaSwag [40/200] acc=0.250
2026-04-04 14:26:00,223 [INFO]   HellaSwag [50/200] acc=0.260
2026-04-04 14:26:05,104 [INFO]   HellaSwag [60/200] acc=0.267
2026-04-04 14:26:09,954 [INFO]   HellaSwag [70/200] acc=0.271
2026-04-04 14:26:14,760 [INFO]   HellaSwag [80/200] acc=0.287
2026-04-04 14:26:19,609 [INFO]   HellaSwag [90/200] acc=0.289
2026-04-04 14:26:24,437 [INFO]   HellaSwag [100/200] acc=0.280
2026-04-04 14:26:29,246 [INFO]   HellaSwag [110/200] acc=0.264
2026-04-04 14:26:34,029 [INFO]   HellaSwag [120/200] acc=0.258
2026-04-04 14:26:38,844 [INFO]   HellaSwag [130/200] acc=0.246
2026-04-04 14:26:43,583 [INFO]   HellaSwag [140/200] acc=0.264
2026-04-04 14:26:48,211 [INFO]   HellaSwag [150/200] acc=0.280
2026-04-04 14:26:52,958 [INFO]   HellaSwag [160/200] acc=0.281
2026-04-04 14:26:57,772 [INFO]   HellaSwag [170/200] acc=0.282
2026-04-04 14:27:02,430 [INFO]   HellaSwag [180/200] acc=0.283
2026-04-04 14:27:07,162 [INFO]   HellaSwag [190/200] acc=0.284
2026-04-04 14:27:11,834 [INFO]   HellaSwag [200/200] acc=0.275
2026-04-04 14:27:11,838 [INFO] Saved: /root/cd-circuit-mechanism/results/exp00v2fix_hellaswag_alpha0.5.json
2026-04-04 14:27:11,838 [INFO]   -> accuracy=0.275, cd_score_mean=-9.8488
2026-04-04 14:27:11,838 [INFO] [alpha=0.5] TriviaQA (5-shot)...
2026-04-04 14:28:09,053 [INFO]   TriviaQA [10/200] acc=0.000
2026-04-04 14:29:05,590 [INFO]   TriviaQA [20/200] acc=0.000
2026-04-04 14:30:05,601 [INFO]   TriviaQA [30/200] acc=0.000
2026-04-04 14:31:05,777 [INFO]   TriviaQA [40/200] acc=0.000
2026-04-04 14:32:07,130 [INFO]   TriviaQA [50/200] acc=0.000
2026-04-04 14:33:08,807 [INFO]   TriviaQA [60/200] acc=0.000
2026-04-04 14:34:08,737 [INFO]   TriviaQA [70/200] acc=0.014
2026-04-04 14:35:04,080 [INFO]   TriviaQA [80/200] acc=0.013
2026-04-04 14:36:04,037 [INFO]   TriviaQA [90/200] acc=0.011
2026-04-04 14:37:02,057 [INFO]   TriviaQA [100/200] acc=0.010
2026-04-04 14:37:57,587 [INFO]   TriviaQA [110/200] acc=0.009
2026-04-04 14:38:57,896 [INFO]   TriviaQA [120/200] acc=0.008
2026-04-04 14:39:57,958 [INFO]   TriviaQA [130/200] acc=0.008
2026-04-04 14:40:56,709 [INFO]   TriviaQA [140/200] acc=0.007
2026-04-04 14:42:01,347 [INFO]   TriviaQA [150/200] acc=0.007
2026-04-04 14:43:02,896 [INFO]   TriviaQA [160/200] acc=0.006
2026-04-04 14:44:03,524 [INFO]   TriviaQA [170/200] acc=0.006
2026-04-04 14:45:06,246 [INFO]   TriviaQA [180/200] acc=0.006
2026-04-04 14:46:06,419 [INFO]   TriviaQA [190/200] acc=0.011
2026-04-04 14:47:00,840 [INFO]   TriviaQA [200/200] acc=0.010
2026-04-04 14:47:00,851 [INFO] Saved: /root/cd-circuit-mechanism/results/exp00v2fix_triviaqa_alpha0.5.json
2026-04-04 14:47:00,851 [INFO]   -> accuracy=0.010, cd_score_mean=-4.3190
2026-04-04 14:47:00,851 [INFO] [alpha=0.5] GSM8K (5-shot CoT)...
2026-04-04 14:52:03,402 [INFO]   GSM8K [10/200] acc=0.000
2026-04-04 14:57:23,661 [INFO]   GSM8K [20/200] acc=0.000
2026-04-04 15:02:43,716 [INFO]   GSM8K [30/200] acc=0.000
2026-04-04 15:08:00,218 [INFO]   GSM8K [40/200] acc=0.000
2026-04-04 15:12:56,004 [INFO]   GSM8K [50/200] acc=0.000
2026-04-04 15:17:49,062 [INFO]   GSM8K [60/200] acc=0.000
2026-04-04 15:22:36,009 [INFO]   GSM8K [70/200] acc=0.000
